0 info it worked if it ends with ok
1 verbose cli [ '/usr/bin/node', '/usr/bin/npm', 'install', 'gulp-concat' ]
2 info using npm@1.4.28
3 info using node@v0.10.37
4 verbose node symlink /usr/bin/node
5 verbose cache add [ 'gulp-concat', null ]
6 verbose cache add name=undefined spec="gulp-concat" args=["gulp-concat",null]
7 verbose parsed url { protocol: null,
7 verbose parsed url   slashes: null,
7 verbose parsed url   auth: null,
7 verbose parsed url   host: null,
7 verbose parsed url   port: null,
7 verbose parsed url   hostname: null,
7 verbose parsed url   hash: null,
7 verbose parsed url   search: null,
7 verbose parsed url   query: null,
7 verbose parsed url   pathname: 'gulp-concat',
7 verbose parsed url   path: 'gulp-concat',
7 verbose parsed url   href: 'gulp-concat' }
8 silly lockFile a9575072-gulp-concat gulp-concat
9 verbose lock gulp-concat /home/lawlerblader/.npm/a9575072-gulp-concat.lock
10 silly lockFile a9575072-gulp-concat gulp-concat
11 silly lockFile a9575072-gulp-concat gulp-concat
12 verbose addNamed [ 'gulp-concat', '' ]
13 verbose addNamed [ null, '*' ]
14 silly lockFile 190d832a-gulp-concat gulp-concat@
15 verbose lock gulp-concat@ /home/lawlerblader/.npm/190d832a-gulp-concat.lock
16 silly addNameRange { name: 'gulp-concat', range: '*', hasData: false }
17 verbose request where is /gulp-concat
18 verbose request registry https://registry.npmjs.org/
19 verbose request id a0573b0bac0fdf15
20 verbose url raw /gulp-concat
21 verbose url resolving [ 'https://registry.npmjs.org/', './gulp-concat' ]
22 verbose url resolved https://registry.npmjs.org/gulp-concat
23 verbose request where is https://registry.npmjs.org/gulp-concat
24 info trying registry request attempt 1 at 14:42:00
25 verbose etag "6OJU93MYAAOK9QMA668VSJ1VN"
26 http GET https://registry.npmjs.org/gulp-concat
27 http 200 https://registry.npmjs.org/gulp-concat
28 silly registry.get cb [ 200,
28 silly registry.get   { server: 'CouchDB/1.5.0 (Erlang OTP/R16B03)',
28 silly registry.get     etag: '"1HTK9W59164OH2K5VMXFP8R1R"',
28 silly registry.get     'content-type': 'application/json',
28 silly registry.get     'cache-control': 'max-age=60',
28 silly registry.get     'content-length': '36750',
28 silly registry.get     'accept-ranges': 'bytes',
28 silly registry.get     date: 'Mon, 06 Jul 2015 21:42:00 GMT',
28 silly registry.get     via: '1.1 varnish',
28 silly registry.get     age: '38',
28 silly registry.get     connection: 'keep-alive',
28 silly registry.get     'x-served-by': 'cache-lax1426-LAX',
28 silly registry.get     'x-cache': 'HIT',
28 silly registry.get     'x-cache-hits': '1',
28 silly registry.get     'x-timer': 'S1436218920.651319,VS0,VE0',
28 silly registry.get     vary: 'Accept' } ]
29 silly addNameRange number 2 { name: 'gulp-concat', range: '*', hasData: true }
30 silly addNameRange versions [ 'gulp-concat',
30 silly addNameRange   [ '0.0.1',
30 silly addNameRange     '1.0.0',
30 silly addNameRange     '1.1.0',
30 silly addNameRange     '2.0.0',
30 silly addNameRange     '2.1.0',
30 silly addNameRange     '2.1.1',
30 silly addNameRange     '2.1.2',
30 silly addNameRange     '2.1.3',
30 silly addNameRange     '2.1.4',
30 silly addNameRange     '2.1.5',
30 silly addNameRange     '2.1.6',
30 silly addNameRange     '2.1.7',
30 silly addNameRange     '2.2.0',
30 silly addNameRange     '2.3.0',
30 silly addNameRange     '2.3.3',
30 silly addNameRange     '2.3.4',
30 silly addNameRange     '2.3.5',
30 silly addNameRange     '2.4.0',
30 silly addNameRange     '2.4.1',
30 silly addNameRange     '2.4.2',
30 silly addNameRange     '2.4.3',
30 silly addNameRange     '2.5.0',
30 silly addNameRange     '2.5.1',
30 silly addNameRange     '2.5.2',
30 silly addNameRange     '2.6.0' ] ]
31 verbose addNamed [ 'gulp-concat', '2.6.0' ]
32 verbose addNamed [ '2.6.0', '2.6.0' ]
33 silly lockFile 03b8a742-gulp-concat-2-6-0 gulp-concat@2.6.0
34 verbose lock gulp-concat@2.6.0 /home/lawlerblader/.npm/03b8a742-gulp-concat-2-6-0.lock
35 silly lockFile a5bb2ad5-ulp-concat-gulp-concat-2-6-0-tgz https://registry.npmjs.org/gulp-concat/-/gulp-concat-2.6.0.tgz
36 verbose lock https://registry.npmjs.org/gulp-concat/-/gulp-concat-2.6.0.tgz /home/lawlerblader/.npm/a5bb2ad5-ulp-concat-gulp-concat-2-6-0-tgz.lock
37 verbose addRemoteTarball [ 'https://registry.npmjs.org/gulp-concat/-/gulp-concat-2.6.0.tgz',
37 verbose addRemoteTarball   '585cfb115411f348773131140566b6a81c69cb91' ]
38 info retry fetch attempt 1 at 14:42:00
39 verbose fetch to= /tmp/npm-3461-kl5cGGqx/registry.npmjs.org/gulp-concat/-/gulp-concat-2.6.0.tgz
40 http GET https://registry.npmjs.org/gulp-concat/-/gulp-concat-2.6.0.tgz
41 http 200 https://registry.npmjs.org/gulp-concat/-/gulp-concat-2.6.0.tgz
42 silly lockFile a5bb2ad5-ulp-concat-gulp-concat-2-6-0-tgz https://registry.npmjs.org/gulp-concat/-/gulp-concat-2.6.0.tgz
43 silly lockFile a5bb2ad5-ulp-concat-gulp-concat-2-6-0-tgz https://registry.npmjs.org/gulp-concat/-/gulp-concat-2.6.0.tgz
44 silly lockFile 03b8a742-gulp-concat-2-6-0 gulp-concat@2.6.0
45 silly lockFile 03b8a742-gulp-concat-2-6-0 gulp-concat@2.6.0
46 silly lockFile 190d832a-gulp-concat gulp-concat@
47 silly lockFile 190d832a-gulp-concat gulp-concat@
48 error Error: EACCES, mkdir '/home/lawlerblader/.npm/gulp-concat/2.6.0'
48 error  { [Error: EACCES, mkdir '/home/lawlerblader/.npm/gulp-concat/2.6.0']
48 error   errno: 3,
48 error   code: 'EACCES',
48 error   path: '/home/lawlerblader/.npm/gulp-concat/2.6.0' }
49 error Please try running this command again as root/Administrator.
50 error System Linux 3.13.0-55-generic
51 error command "/usr/bin/node" "/usr/bin/npm" "install" "gulp-concat"
52 error cwd /home/lawlerblader/code/p/unscramble
53 error node -v v0.10.37
54 error npm -v 1.4.28
55 error path /home/lawlerblader/.npm/gulp-concat/2.6.0
56 error code EACCES
57 error errno 3
58 error stack Error: EACCES, mkdir '/home/lawlerblader/.npm/gulp-concat/2.6.0'
59 verbose exit [ 3, true ]
